<?xml version="1.0" encoding="UTF-8"?>
<!-- Generated by org.testng.reporters.JUnitReportReporter -->
<testsuite hostname="LAPTOP-SNK6G6B5" name="com.OrangeHRM.LogInTest" tests="3" failures="0" timestamp="12 Nov 2022 05:29:46 GMT" time="4.108" errors="0">
  <testcase name="logInTest" time="2.722" classname="com.OrangeHRM.LogInTest"/>
  <testcase name="welComeAdminTest" time="0.123" classname="com.OrangeHRM.LogInTest"/>
  <testcase name="logOutTest" time="1.263" classname="com.OrangeHRM.LogInTest"/>
</testsuite> <!-- com.OrangeHRM.LogInTest -->
