<?xml version="1.0" encoding="UTF-8"?>
<!-- Generated by org.testng.reporters.JUnitReportReporter -->
<testsuite hostname="LAPTOP-SNK6G6B5" failures="0" tests="2" name="Gaian_Pi.Gaian_Pi.ApplicationLounchingBasic" time="9.816" errors="0" timestamp="2023-09-13T13:05:41 IST" skipped="0">
  <testcase classname="Gaian_Pi.Gaian_Pi.ApplicationLounchingBasic" name="applicationLaunching" time="2.257"/>
  <system-out/>
  <testcase classname="Gaian_Pi.Gaian_Pi.ApplicationLounchingBasic" name="applicationLaunch" time="7.559"/>
  <system-out/>
</testsuite> <!-- Gaian_Pi.Gaian_Pi.ApplicationLounchingBasic -->
