<?xml version="1.0" encoding="UTF-8"?>
<!-- Generated by org.testng.reporters.JUnitReportReporter -->
<testsuite hostname="LAPTOP-SNK6G6B5" failures="0" tests="1" name="Gaian_Pi.Gaian_Pi.BaseTest" time="9.656" errors="0" timestamp="2023-09-13T12:28:29 IST" skipped="0">
  <testcase classname="Gaian_Pi.Gaian_Pi.BaseTest" name="applicationLaunch" time="9.656"/>
  <system-out/>
</testsuite> <!-- Gaian_Pi.Gaian_Pi.BaseTest -->
